<?xml version="1.0" encoding="UTF-8" ?>
<testsuite tests="1" failures="0" name="com.stocks.test.StocksUnitTest" time="0.031" errors="1" skipped="0">
  <properties>
[...]
</properties>
  <testcase classname="com.stocks.test.StocksUnitTest" name="testSaveStocks" time="0.031">
    <error message="Object of class [com.stocks.datamodel.StockExchanges] with identifier [110]: optimistic locking failed; nested exception is org.hibernate.StaleObjectStateException: Row was updated or deleted by another transaction (or unsaved-value mapping was incorrect) : [com.stocks.datamodel.StockExchanges#110]" type="org.springframework.orm.hibernate5.HibernateOptimisticLockingFailureException">org.springframework.orm.hibernate5.HibernateOptimisticLockingFailureException: Object of class [com.stocks.datamodel.StockExchanges] with identifier [110]: optimistic locking failed; nested exception is org.hibernate.StaleObjectStateException: Row was updated or deleted by another transaction (or unsaved-value mapping was incorrect) : [com.stocks.datamodel.StockExchanges#110]
	at org.springframework.orm.hibernate5.SessionFactoryUtils.convertHibernateAccessException(SessionFactoryUtils.java:287)
	at org.springframework.orm.hibernate5.HibernateTransactionManager.convertHibernateAccessException(HibernateTransactionManager.java:804)
	at org.springframework.orm.hibernate5.HibernateTransactionManager.doCommit(HibernateTransactionManager.java:639)
	at org.springframework.transaction.support.AbstractPlatformTransactionManager.processCommit(AbstractPlatformTransactionManager.java:744)
	at org.springframework.transaction.support.AbstractPlatformTransactionManager.commit(AbstractPlatformTransactionManager.java:712)
	at org.springframework.transaction.interceptor.TransactionAspectSupport.commitTransactionAfterReturning(TransactionAspectSupport.java:631)
	at org.springframework.transaction.interceptor.TransactionAspectSupport.invokeWithinTransaction(TransactionAspectSupport.java:385)
	at org.springframework.transaction.interceptor.TransactionInterceptor.invoke(TransactionInterceptor.java:99)
	at org.springframework.aop.framework.ReflectiveMethodInvocation.proceed(ReflectiveMethodInvocation.java:186)
	at org.springframework.aop.framework.JdkDynamicAopProxy.invoke(JdkDynamicAopProxy.java:212)
	at com.sun.proxy.$Proxy50.saveOrUpdateStocks(Unknown Source)
	at com.stocks.test.StocksUnitTest.testSaveStocks(StocksUnitTest.java:34)
	at java.base/jdk.internal.reflect.NativeMethodAccessorImpl.invoke0(Native Method)
	at java.base/jdk.internal.reflect.NativeMethodAccessorImpl.invoke(NativeMethodAccessorImpl.java:62)
	at java.base/jdk.internal.reflect.DelegatingMethodAccessorImpl.invoke(DelegatingMethodAccessorImpl.java:43)
	at java.base/java.lang.reflect.Method.invoke(Method.java:567)
	at org.junit.runners.model.FrameworkMethod$1.runReflectiveCall(FrameworkMethod.java:50)
	at org.junit.internal.runners.model.ReflectiveCallable.run(ReflectiveCallable.java:12)
	at org.junit.runners.model.FrameworkMethod.invokeExplosively(FrameworkMethod.java:47)
	at org.junit.internal.runners.statements.InvokeMethod.evaluate(InvokeMethod.java:17)
	at org.junit.runners.ParentRunner.runLeaf(ParentRunner.java:325)
	at org.junit.runners.BlockJUnit4ClassRunner.runChild(BlockJUnit4ClassRunner.java:78)
	at org.junit.runners.BlockJUnit4ClassRunner.runChild(BlockJUnit4ClassRunner.java:57)
	at org.junit.runners.ParentRunner$3.run(ParentRunner.java:290)
	at org.junit.runners.ParentRunner$1.schedule(ParentRunner.java:71)
	at org.junit.runners.ParentRunner.runChildren(ParentRunner.java:288)
	at org.junit.runners.ParentRunner.access$000(ParentRunner.java:58)
	at org.junit.runners.ParentRunner$2.evaluate(ParentRunner.java:268)
	at org.junit.internal.runners.statements.RunBefores.evaluate(RunBefores.java:26)
	at org.junit.runners.ParentRunner.run(ParentRunner.java:363)
	at org.apache.maven.surefire.junit4.JUnit4Provider.execute(JUnit4Provider.java:252)
	at org.apache.maven.surefire.junit4.JUnit4Provider.executeTestSet(JUnit4Provider.java:141)
	at org.apache.maven.surefire.junit4.JUnit4Provider.invoke(JUnit4Provider.java:112)
	at java.base/jdk.internal.reflect.NativeMethodAccessorImpl.invoke0(Native Method)
	at java.base/jdk.internal.reflect.NativeMethodAccessorImpl.invoke(NativeMethodAccessorImpl.java:62)
	at java.base/jdk.internal.reflect.DelegatingMethodAccessorImpl.invoke(DelegatingMethodAccessorImpl.java:43)
	at java.base/java.lang.reflect.Method.invoke(Method.java:567)
	at org.apache.maven.surefire.util.ReflectionUtils.invokeMethodWithArray(ReflectionUtils.java:189)
	at org.apache.maven.surefire.booter.ProviderFactory$ProviderProxy.invoke(ProviderFactory.java:165)
	at org.apache.maven.surefire.booter.ProviderFactory.invokeProvider(ProviderFactory.java:85)
	at org.apache.maven.surefire.booter.ForkedBooter.runSuitesInProcess(ForkedBooter.java:115)
	at org.apache.maven.surefire.booter.ForkedBooter.main(ForkedBooter.java:75)
Caused by: org.hibernate.StaleObjectStateException: Row was updated or deleted by another transaction (or unsaved-value mapping was incorrect) : [com.stocks.datamodel.StockExchanges#110]
	at org.hibernate.persister.entity.AbstractEntityPersister.check(AbstractEntityPersister.java:2574)
	at org.hibernate.persister.entity.AbstractEntityPersister.update(AbstractEntityPersister.java:3420)
	at org.hibernate.persister.entity.AbstractEntityPersister.updateOrInsert(AbstractEntityPersister.java:3283)
	at org.hibernate.persister.entity.AbstractEntityPersister.update(AbstractEntityPersister.java:3695)
	at org.hibernate.action.internal.EntityUpdateAction.execute(EntityUpdateAction.java:149)
	at org.hibernate.engine.spi.ActionQueue.executeActions(ActionQueue.java:604)
	at org.hibernate.engine.spi.ActionQueue.lambda$executeActions$1(ActionQueue.java:478)
	at java.base/java.util.LinkedHashMap.forEach(LinkedHashMap.java:684)
	at org.hibernate.engine.spi.ActionQueue.executeActions(ActionQueue.java:475)
	at org.hibernate.event.internal.AbstractFlushingEventListener.performExecutions(AbstractFlushingEventListener.java:348)
	at org.hibernate.event.internal.DefaultFlushEventListener.onFlush(DefaultFlushEventListener.java:40)
	at org.hibernate.event.service.internal.EventListenerGroupImpl.fireEventOnEachListener(EventListenerGroupImpl.java:108)
	at org.hibernate.internal.SessionImpl.doFlush(SessionImpl.java:1344)
	at org.hibernate.internal.SessionImpl.managedFlush(SessionImpl.java:435)
	at org.hibernate.internal.SessionImpl.flushBeforeTransactionCompletion(SessionImpl.java:3221)
	at org.hibernate.internal.SessionImpl.beforeTransactionCompletion(SessionImpl.java:2389)
	at org.hibernate.engine.jdbc.internal.JdbcCoordinatorImpl.beforeTransactionCompletion(JdbcCoordinatorImpl.java:447)
	at org.hibernate.resource.transaction.backend.jdbc.internal.JdbcResourceLocalTransactionCoordinatorImpl.beforeCompletionCallback(JdbcResourceLocalTransactionCoordinatorImpl.java:183)
	at org.hibernate.resource.transaction.backend.jdbc.internal.JdbcResourceLocalTransactionCoordinatorImpl.access$300(JdbcResourceLocalTransactionCoordinatorImpl.java:40)
	at org.hibernate.resource.transaction.backend.jdbc.internal.JdbcResourceLocalTransactionCoordinatorImpl$TransactionDriverControlImpl.commit(JdbcResourceLocalTransactionCoordinatorImpl.java:281)
	at org.hibernate.engine.transaction.internal.TransactionImpl.commit(TransactionImpl.java:101)
	at org.springframework.orm.hibernate5.HibernateTransactionManager.doCommit(HibernateTransactionManager.java:627)
	... 39 more
</error>
    <system-out>Hibernate: 
    
    alter table developer_technology 
       add constraint FKqnok2oduttr1tchbjmat533mn 
       foreign key (technology_id) 
       references technology (id)
Hibernate: 
    
    alter table developer_technology 
       add constraint FK2h6lwo2q0viw53flnhs2sxtt 
       foreign key (developer_id) 
       references developer (id)
Hibernate: 
    
    alter table passport 
       add constraint FKlbv0fikx31gx7ifgdcuoae4xd 
       foreign key (person_id) 
       references Person (id)
Hibernate: 
    
    alter table Person 
       add constraint FK4lou68kcnht15fsihntnul8de 
       foreign key (Passport_id) 
       references passport (id)
Hibernate: 
    
    alter table students 
       add constraint FKco409agghf17gnoet3jo6k9bd 
       foreign key (Teacher_Id) 
       references teacher (Teacher_Id)
Hibernate: 
    update
        StockExchanges 
    set
        aboutSE=?,
        address=?,
        stockExchanges=? 
    where
        id=?
</system-out>
    <system-err>Feb 13, 2020 9:57:31 AM org.hibernate.dialect.Dialect &lt;init&gt;
INFO: HHH000400: Using dialect: org.hibernate.dialect.MySQL5Dialect
Feb 13, 2020 9:57:31 AM org.hibernate.cfg.AnnotationBinder bindClass
WARN: HHH000499: Using @AttributeOverride or @AttributeOverrides in conjunction with entity inheritance is not supported: com.stocks.datamodel.ContractualEmployee. The overriding definitions are ignored.
Feb 13, 2020 9:57:31 AM org.hibernate.cfg.AnnotationBinder bindClass
WARN: HHH000499: Using @AttributeOverride or @AttributeOverrides in conjunction with entity inheritance is not supported: com.stocks.datamodel.PermanentEmployee. The overriding definitions are ignored.
Feb 13, 2020 9:57:31 AM org.hibernate.tuple.PojoInstantiator &lt;init&gt;
INFO: HHH000182: No default (no-argument) constructor for class: com.stocks.datamodel.StockExchange (class must be instantiated by Interceptor)
Feb 13, 2020 9:57:31 AM org.hibernate.engine.transaction.jta.platform.internal.JtaPlatformInitiator initiateService
INFO: HHH000490: Using JtaPlatform implementation: [org.hibernate.engine.transaction.jta.platform.internal.NoJtaPlatform]
</system-err>
  </testcase>
</testsuite>