<?xml version="1.0" encoding="UTF-8" ?>
<testsuite tests="1" failures="0" name="com.stocks.test.UserUnitTest" time="0.015" errors="1" skipped="0">
  <properties>
[...]
</properties>
  <testcase classname="com.stocks.test.UserUnitTest" name="testDeleteUserFail" time="0.015">
    <error message="attempt to create delete event with null entity" type="java.lang.IllegalArgumentException">java.lang.IllegalArgumentException: attempt to create delete event with null entity
	at org.hibernate.event.spi.DeleteEvent.&lt;init&gt;(DeleteEvent.java:31)
	at org.hibernate.internal.SessionImpl.delete(SessionImpl.java:818)
	at com.stocks.dao.impl.UserDaoImpl.deleteUser(UserDaoImpl.java:54)
	at java.base/jdk.internal.reflect.NativeMethodAccessorImpl.invoke0(Native Method)
	at java.base/jdk.internal.reflect.NativeMethodAccessorImpl.invoke(NativeMethodAccessorImpl.java:62)
	at java.base/jdk.internal.reflect.DelegatingMethodAccessorImpl.invoke(DelegatingMethodAccessorImpl.java:43)
	at java.base/java.lang.reflect.Method.invoke(Method.java:567)
	at org.springframework.aop.support.AopUtils.invokeJoinpointUsingReflection(AopUtils.java:344)
	at org.springframework.aop.framework.ReflectiveMethodInvocation.invokeJoinpoint(ReflectiveMethodInvocation.java:198)
	at org.springframework.aop.framework.ReflectiveMethodInvocation.proceed(ReflectiveMethodInvocation.java:163)
	at org.springframework.transaction.interceptor.TransactionAspectSupport.invokeWithinTransaction(TransactionAspectSupport.java:366)
	at org.springframework.transaction.interceptor.TransactionInterceptor.invoke(TransactionInterceptor.java:99)
	at org.springframework.aop.framework.ReflectiveMethodInvocation.proceed(ReflectiveMethodInvocation.java:186)
	at org.springframework.aop.framework.JdkDynamicAopProxy.invoke(JdkDynamicAopProxy.java:212)
	at com.sun.proxy.$Proxy51.deleteUser(Unknown Source)
	at com.stocks.test.UserUnitTest.testDeleteUserFail(UserUnitTest.java:76)
	at java.base/jdk.internal.reflect.NativeMethodAccessorImpl.invoke0(Native Method)
	at java.base/jdk.internal.reflect.NativeMethodAccessorImpl.invoke(NativeMethodAccessorImpl.java:62)
	at java.base/jdk.internal.reflect.DelegatingMethodAccessorImpl.invoke(DelegatingMethodAccessorImpl.java:43)
	at java.base/java.lang.reflect.Method.invoke(Method.java:567)
	at org.junit.runners.model.FrameworkMethod$1.runReflectiveCall(FrameworkMethod.java:50)
	at org.junit.internal.runners.model.ReflectiveCallable.run(ReflectiveCallable.java:12)
	at org.junit.runners.model.FrameworkMethod.invokeExplosively(FrameworkMethod.java:47)
	at org.junit.internal.runners.statements.InvokeMethod.evaluate(InvokeMethod.java:17)
	at org.junit.runners.ParentRunner.runLeaf(ParentRunner.java:325)
	at org.junit.runners.BlockJUnit4ClassRunner.runChild(BlockJUnit4ClassRunner.java:78)
	at org.junit.runners.BlockJUnit4ClassRunner.runChild(BlockJUnit4ClassRunner.java:57)
	at org.junit.runners.ParentRunner$3.run(ParentRunner.java:290)
	at org.junit.runners.ParentRunner$1.schedule(ParentRunner.java:71)
	at org.junit.runners.ParentRunner.runChildren(ParentRunner.java:288)
	at org.junit.runners.ParentRunner.access$000(ParentRunner.java:58)
	at org.junit.runners.ParentRunner$2.evaluate(ParentRunner.java:268)
	at org.junit.internal.runners.statements.RunBefores.evaluate(RunBefores.java:26)
	at org.junit.runners.ParentRunner.run(ParentRunner.java:363)
	at org.apache.maven.surefire.junit4.JUnit4Provider.execute(JUnit4Provider.java:252)
	at org.apache.maven.surefire.junit4.JUnit4Provider.executeTestSet(JUnit4Provider.java:141)
	at org.apache.maven.surefire.junit4.JUnit4Provider.invoke(JUnit4Provider.java:112)
	at java.base/jdk.internal.reflect.NativeMethodAccessorImpl.invoke0(Native Method)
	at java.base/jdk.internal.reflect.NativeMethodAccessorImpl.invoke(NativeMethodAccessorImpl.java:62)
	at java.base/jdk.internal.reflect.DelegatingMethodAccessorImpl.invoke(DelegatingMethodAccessorImpl.java:43)
	at java.base/java.lang.reflect.Method.invoke(Method.java:567)
	at org.apache.maven.surefire.util.ReflectionUtils.invokeMethodWithArray(ReflectionUtils.java:189)
	at org.apache.maven.surefire.booter.ProviderFactory$ProviderProxy.invoke(ProviderFactory.java:165)
	at org.apache.maven.surefire.booter.ProviderFactory.invokeProvider(ProviderFactory.java:85)
	at org.apache.maven.surefire.booter.ForkedBooter.runSuitesInProcess(ForkedBooter.java:115)
	at org.apache.maven.surefire.booter.ForkedBooter.main(ForkedBooter.java:75)
</error>
    <system-out>Hibernate: 
    
    alter table developer_technology 
       add constraint FKqnok2oduttr1tchbjmat533mn 
       foreign key (technology_id) 
       references technology (id)
Hibernate: 
    
    alter table developer_technology 
       add constraint FK2h6lwo2q0viw53flnhs2sxtt 
       foreign key (developer_id) 
       references developer (id)
Hibernate: 
    
    alter table passport 
       add constraint FKlbv0fikx31gx7ifgdcuoae4xd 
       foreign key (person_id) 
       references Person (id)
Hibernate: 
    
    alter table Person 
       add constraint FK4lou68kcnht15fsihntnul8de 
       foreign key (Passport_id) 
       references passport (id)
Hibernate: 
    
    alter table students 
       add constraint FKco409agghf17gnoet3jo6k9bd 
       foreign key (Teacher_Id) 
       references teacher (Teacher_Id)
Hibernate: 
    select
        user0_.id as id1_10_0_,
        user0_.email as email2_10_0_,
        user0_.enabled as enabled3_10_0_,
        user0_.password1 as password4_10_0_,
        user0_.password2 as password5_10_0_,
        user0_.phone as phone6_10_0_,
        user0_.username as username7_10_0_ 
    from
        StockExchange_Users user0_ 
    where
        user0_.id=?
</system-out>
    <system-err>Feb 13, 2020 9:57:31 AM org.hibernate.dialect.Dialect &lt;init&gt;
INFO: HHH000400: Using dialect: org.hibernate.dialect.MySQL5Dialect
Feb 13, 2020 9:57:31 AM org.hibernate.cfg.AnnotationBinder bindClass
WARN: HHH000499: Using @AttributeOverride or @AttributeOverrides in conjunction with entity inheritance is not supported: com.stocks.datamodel.ContractualEmployee. The overriding definitions are ignored.
Feb 13, 2020 9:57:31 AM org.hibernate.cfg.AnnotationBinder bindClass
WARN: HHH000499: Using @AttributeOverride or @AttributeOverrides in conjunction with entity inheritance is not supported: com.stocks.datamodel.PermanentEmployee. The overriding definitions are ignored.
Feb 13, 2020 9:57:31 AM org.hibernate.tuple.PojoInstantiator &lt;init&gt;
INFO: HHH000182: No default (no-argument) constructor for class: com.stocks.datamodel.StockExchange (class must be instantiated by Interceptor)
Feb 13, 2020 9:57:31 AM org.hibernate.engine.transaction.jta.platform.internal.JtaPlatformInitiator initiateService
INFO: HHH000490: Using JtaPlatform implementation: [org.hibernate.engine.transaction.jta.platform.internal.NoJtaPlatform]
</system-err>
  </testcase>
</testsuite>